[09:58:24] [Server thread/INFO]: techippie joined the game
[09:58:41] [Server thread/INFO]: techippie has made the advancement [Sweet dreams]
[10:24:47] [Server thread/INFO]: There are 1/42 players online:
[10:24:47] [Server thread/INFO]: techippie
[10:24:59] [Server thread/INFO]: [Server] Stop playing minecraft and get a job
[10:34:57] [Server thread/INFO]: techippie has made the advancement [The Parrots and the Bats]
[10:45:34] [Server thread/INFO]: techippie lost connection: Disconnected
[10:45:34] [Server thread/INFO]: techippie left the game
[10:54:54] [Server thread/INFO]: [Server] blah joined the game
[09:58:24] [Server thread/INFO]: techippie joined the game
[09:58:24] [Server thread/INFO]: foobar joined the game
[09:58:24] [Server thread/INFO]: foobar left the game
[09:58:24] [Server thread/INFO]: foobar joined the game
[09:58:24] [Server thread/INFO]: wizbuzz joined the game
[09:58:24] [Server thread/INFO]: wizbuzz joined the game
[09:58:24] [Server thread/INFO]: woobar joined the game
[09:58:24] [Server thread/INFO]: woobar joined the game
[09:58:24] [Server thread/INFO]: woobar joined the game
[09:58:24] [Server thread/INFO]: foobar joined the game
[09:58:24] [Server thread/INFO]: foobar joined the game
[09:58:24] [Server thread/INFO]: barfoo joined the game
[09:58:24] [Server thread/INFO]: barfoo joined the game
[09:58:24] [Server thread/INFO]: barfoo joined the game
[09:58:24] [Server thread/INFO]: barfood joined the game
[09:58:24] [Server thread/INFO]: barfood joined the game
[09:58:24] [Server thread/INFO]: barfo joined the game
[09:58:24] [Server thread/INFO]: barfo joined the game
[09:58:24] [Server thread/INFO]: barfo joined the game
[09:58:24] [Server thread/INFO]: barfo left the game
[09:58:24] [Server thread/INFO]: barfo left the game
[09:58:24] [Server thread/INFO]: barfo left the game
[09:58:24] [Server thread/INFO]: barfo joined the game
[09:58:24] [Server thread/INFO]: barfo left the game
[09:58:24] [Server thread/INFO]: izcet joined the game
[09:58:24] [Server thread/INFO]: barfo left the game
[09:58:24] [Server thread/INFO]: barfoo left the game
[09:58:24] [Server thread/INFO]: barfoo joined the game
[09:58:24] [Server thread/INFO]: foobar joined the game
[09:58:24] [Server thread/INFO]: foobar left the game
[09:58:24] [Server thread/INFO]: foobar left the game
[09:58:24] [Server thread/INFO]: wizbuzz left the game
[09:58:24] [Server thread/INFO]: woobar left the game
[09:58:24] [Server thread/INFO]: izcet left the game
[09:58:24] [Server thread/INFO]: Izcet left the game
[09:58:24] [Server thread/INFO]: barfood left the game
[09:58:24] [Server thread/INFO]: wizbuzz left the game
[09:58:24] [Server thread/INFO]: foobar left the game
[09:58:24] [Server thread/INFO]: barfoo left the game
[09:58:24] [Server thread/INFO]: techippie left the game
[09:58:24] [Server thread/INFO]: barfoo left the game
[09:58:24] [Server thread/INFO]: foobar left the game
[09:58:24] [Server thread/INFO]: izcet left the game
[09:58:24] [Server thread/INFO]: izcet  left the game
